2025-10-01 14:57:33, MOVE, v:1, k:toalha, mode:PICK
2025-10-01 14:57:34, EXEC, v:1, k:toalha, mode:LOCK, rate:0
2025-10-01 14:57:37, MOVE, v:1, k:toalha, mode:BACK
2025-10-01 14:57:41, MOVE, v:1, k:enxugar, mode:PICK
2025-10-01 14:57:42, EXEC, v:1, k:enxugar, mode:FULL, rate:0, size:0
2025-10-01 14:57:46, EXEC, v:1, k:enxugar, mode:FULL, rate:0
2025-10-01 14:58:30, EXEC, v:1, k:enxugar, mode:FULL, rate:0, size:70
2025-10-01 15:02:56, EXEC, v:1, k:enxugar, mode:FULL, rate:0
2025-10-01 15:07:39, EXEC, v:1, k:enxugar, mode:FULL, rate:0, size:64
2025-10-01 15:10:41, EXEC, v:1, k:enxugar, mode:FULL, rate:0, size:64
2025-10-01 15:19:39, EXEC, v:1, k:enxugar, mode:FULL, rate:0, size:64
2025-10-01 15:24:29, EXEC, v:1, k:enxugar, mode:FREE
2025-10-01 15:25:57, MOVE, v:1, k:enxugar, mode:PICK
2025-10-01 15:25:58, EXEC, v:1, k:enxugar, mode:FULL, rate:0
2025-10-01 15:26:08, EXEC, v:1, k:enxugar, mode:FULL, rate:0
2025-10-01 15:29:53, EXEC, v:1, k:enxugar, mode:FREE
2025-10-01 15:30:59, MOVE, v:1, k:enxugar, mode:PICK
2025-10-01 15:31:03, EXEC, v:1, k:enxugar, mode:FULL, rate:0
2025-10-01 15:33:55, EXEC, v:1, k:enxugar, mode:FULL, rate:0
2025-10-01 15:37:24, MOVE, v:1, k:enxugar, mode:BACK
2025-10-01 15:38:51, MOVE, v:1, k:enxugar, mode:PICK
2025-10-01 15:38:53, EXEC, v:1, k:enxugar, mode:FULL, rate:0
2025-10-01 15:42:07, MOVE, v:1, k:animal, mode:DOWN
2025-10-01 15:42:08, MOVE, v:1, k:animal, mode:PICK
2025-10-01 15:42:10, EXEC, v:1, k:animal, mode:FULL, rate:0, size:0
2025-10-01 15:43:03, EXEC, v:1, k:animal, mode:FULL, rate:0, size:8
2025-10-01 16:48:18, MOVE, v:1, k:animal, mode:PICK
2025-10-01 16:48:19, EXEC, v:1, k:animal, mode:FULL, rate:0, size:44
2025-10-01 16:48:22, EXEC, v:1, k:animal, mode:FULL, rate:0
2025-10-01 16:48:22, EXEC, v:1, k:animal, mode:FULL, rate:0
2025-10-01 16:51:30, EXEC, v:1, k:animal, mode:FULL, rate:0, size:45
2025-10-01 16:53:14, MOVE, v:1, k:animal, mode:PICK
2025-10-01 16:53:15, EXEC, v:1, k:animal, mode:FULL, rate:0, size:44
2025-10-01 16:54:43, EXEC, v:1, k:animal, mode:FULL, rate:0, size:45
2025-10-01 16:55:41, EXEC, v:1, k:animal, mode:FULL, rate:0, size:44
2025-10-01 16:59:39, EXEC, v:1, k:animal, mode:FULL, rate:0
2025-10-01 16:59:59, EXEC, v:1, k:animal, mode:FULL, rate:0, size:36
2025-10-01 17:00:01, EXEC, v:1, k:animal, mode:FULL, rate:0
2025-10-01 17:00:02, EXEC, v:1, k:animal, mode:FULL, rate:0
2025-10-01 17:00:03, EXEC, v:1, k:animal, mode:FULL, rate:0
2025-10-01 17:01:26, EXEC, v:1, k:animal, mode:FULL, rate:0, size:36
2025-10-01 17:01:27, EXEC, v:1, k:animal, mode:FULL, rate:0
2025-10-01 17:08:18, EXEC, v:1, k:animal, mode:FULL, rate:0, size:72
2025-10-01 17:08:19, EXEC, v:1, k:animal, mode:FULL, rate:0
2025-10-01 17:12:56, MOVE, v:1, k:animal, mode:BACK
2025-10-01 17:13:47, MOVE, v:1, k:animal, mode:PICK
2025-10-01 17:13:48, EXEC, v:1, k:animal, mode:FULL, rate:0
